{"level":"warn","message":"ruta /infosds método GET no implementada"}
{"level":"warn","message":"ruta /infosdssds método GET no implementada"}
{"level":"warn","message":"ruta /favicon.ico método GET no implementada"}
{"level":"warn","message":"ruta /infodfs método GET no implementada"}
{"level":"warn","message":"ruta /infosdsd método GET no implementada"}
{"level":"warn","message":"ruta /infosdsd método GET no implementada"}
{"level":"warn","message":"ruta /infosdsd método GET no implementada"}
{"level":"warn","message":"ruta /infoff método GET no implementada"}
{"level":"warn","message":"ruta /jj método GET no implementada"}
{"level":"warn","message":"ruta /randoms método GET no implementada"}
{"level":"error","message":"500 - [INTERNAL ERROR]"}
{"level":"warn","message":"ruta /favicon.ico método GET no implementada"}
{"level":"warn","message":"ruta /favicon.ico método GET no implementada"}
{"level":"warn","message":"ruta /1231dsa método GET no implementada"}
{"level":"warn","message":"ruta /RowDataPacket método GET no implementada"}
{"level":"warn","message":"ruta /tssss método GET no implementada"}
{"level":"warn","message":"ruta /url método GET no implementada"}
{"level":"warn","message":"ruta /tttt método GET no implementada"}
{"level":"warn","message":"ruta /1231dsa método GET no implementada"}
{"level":"warn","message":"ruta /RowDataPacket método GET no implementada"}
{"level":"warn","message":"ruta /tttt método GET no implementada"}
{"level":"warn","message":"ruta /url método GET no implementada"}
{"level":"warn","message":"ruta /tssss método GET no implementada"}
{"level":"warn","message":"ruta /1231dsa método GET no implementada"}
{"level":"warn","message":"ruta /RowDataPacket método GET no implementada"}
{"level":"warn","message":"ruta /tssss método GET no implementada"}
{"level":"warn","message":"ruta /tttt método GET no implementada"}
{"level":"warn","message":"ruta /url método GET no implementada"}
{"level":"warn","message":"ruta /RowDataPacket método GET no implementada"}
{"level":"warn","message":"ruta /url método GET no implementada"}
{"level":"warn","message":"ruta /1231dsa método GET no implementada"}
{"level":"warn","message":"ruta /tttt método GET no implementada"}
{"level":"warn","message":"ruta /tssss método GET no implementada"}
{"level":"warn","message":"ruta /1231dsa método GET no implementada"}
{"level":"warn","message":"ruta /tttt método GET no implementada"}
{"level":"warn","message":"ruta /tssss método GET no implementada"}
{"level":"warn","message":"ruta /RowDataPacket método GET no implementada"}
{"level":"warn","message":"ruta /url método GET no implementada"}
{"level":"warn","message":"ruta /tssss método GET no implementada"}
{"level":"warn","message":"ruta /1231dsa método GET no implementada"}
{"level":"warn","message":"ruta /RowDataPacket método GET no implementada"}
{"level":"warn","message":"ruta /tttt método GET no implementada"}
{"level":"warn","message":"ruta /url método GET no implementada"}
{"level":"warn","message":"ruta /tttt método GET no implementada"}
{"level":"warn","message":"ruta /1231dsa método GET no implementada"}
{"level":"warn","message":"ruta /tssss método GET no implementada"}
{"level":"warn","message":"ruta /RowDataPacket método GET no implementada"}
{"level":"warn","message":"ruta /url método GET no implementada"}
